{"/Users/vntero/Desktop/projects/minimal-node-ts/src/index.ts": {"path":"/Users/vntero/Desktop/projects/minimal-node-ts/src/index.ts","statementMap":{"0":{"start":{"line":3,"column":19},"end":{"line":3,"column":58}},"1":{"start":{"line":3,"column":53},"end":{"line":3,"column":58}},"2":{"start":{"line":3,"column":13},"end":{"line":3,"column":19}},"3":{"start":{"line":5,"column":10},"end":{"line":5,"column":14}},"4":{"start":{"line":6,"column":10},"end":{"line":6,"column":14}}},"fnMap":{"0":{"name":"(anonymous_0)","decl":{"start":{"line":3,"column":19},"end":{"line":3,"column":20}},"loc":{"start":{"line":3,"column":53},"end":{"line":3,"column":58}}}},"branchMap":{},"s":{"0":1,"1":1,"2":1,"3":1,"4":1},"f":{"0":1},"b":{}}
}
